Using pre-set license
Built from '2021.3/staging' branch; Version is '2021.3.4f1 (cb45f9cae8b7) revision 13321721'; Using compiler version '192829333'; Build Type 'Release'
OS: 'Windows 10  (10.0.19045) 64bit Core' Language: 'ru' Physical Memory: 16221 MB
BatchMode: 1, IsHumanControllingUs: 0, StartBugReporterOnCrash: 0, Is64bit: 1, IsPro: 1

COMMAND LINE ARGUMENTS:
D:\unity hub\Unity Hub\Unity 2021.3.4f1\Editor\Unity.exe
-adb2
-batchMode
-noUpm
-name
AssetImportWorker0
-projectPath
D:/Unity/Programmas/Massive
-logFile
Logs/AssetImportWorker0.log
-srvPort
51009
Successfully changed project path to: D:/Unity/Programmas/Massive
D:/Unity/Programmas/Massive
[UnityMemory] Configuration Parameters - Can be set up in boot.config
    "memorysetup-bucket-allocator-granularity=16"
    "memorysetup-bucket-allocator-bucket-count=8"
    "memorysetup-bucket-allocator-block-size=33554432"
    "memorysetup-bucket-allocator-block-count=8"
    "memorysetup-main-allocator-block-size=16777216"
    "memorysetup-thread-allocator-block-size=16777216"
    "memorysetup-gfx-main-allocator-block-size=16777216"
    "memorysetup-gfx-thread-allocator-block-size=16777216"
    "memorysetup-cache-allocator-block-size=4194304"
    "memorysetup-typetree-allocator-block-size=2097152"
    "memorysetup-profiler-bucket-allocator-granularity=16"
    "memorysetup-profiler-bucket-allocator-bucket-count=8"
    "memorysetup-profiler-bucket-allocator-block-size=33554432"
    "memorysetup-profiler-bucket-allocator-block-count=8"
    "memorysetup-profiler-allocator-block-size=16777216"
    "memorysetup-profiler-editor-allocator-block-size=1048576"
    "memorysetup-temp-allocator-size-main=16777216"
    "memorysetup-job-temp-allocator-block-size=2097152"
    "memorysetup-job-temp-allocator-block-size-background=1048576"
    "memorysetup-job-temp-allocator-reduction-small-platforms=262144"
    "memorysetup-temp-allocator-size-background-worker=32768"
    "memorysetup-temp-allocator-size-job-worker=262144"
    "memorysetup-temp-allocator-size-preload-manager=33554432"
    "memorysetup-temp-allocator-size-nav-mesh-worker=65536"
    "memorysetup-temp-allocator-size-audio-worker=65536"
    "memorysetup-temp-allocator-size-cloud-worker=32768"
    "memorysetup-temp-allocator-size-gi-baking-worker=262144"
    "memorysetup-temp-allocator-size-gfx=262144"
Refreshing native plugins compatible for Editor in 121.04 ms, found 4 plugins.
Preloading 0 native plugins for Editor in 0.00 ms.
Initialize engine version: 2021.3.4f1 (cb45f9cae8b7)
[Subsystems] Discovering subsystems at path D:/unity hub/Unity Hub/Unity 2021.3.4f1/Editor/Data/Resources/UnitySubsystems
[Subsystems] Discovering subsystems at path D:/Unity/Programmas/Massive/Assets
GfxDevice: creating device client; threaded=0; jobified=0
Direct3D:
    Version:  Direct3D 11.0 [level 11.1]
    Renderer: NVIDIA GeForce GTX 1650 Ti (ID=0x1f95)
    Vendor:   NVIDIA
    VRAM:     3962 MB
    Driver:   31.0.15.1691
Initialize mono
Mono path[0] = 'D:/unity hub/Unity Hub/Unity 2021.3.4f1/Editor/Data/Managed'
Mono path[1] = 'D:/unity hub/Unity Hub/Unity 2021.3.4f1/Editor/Data/MonoBleedingEdge/lib/mono/unityjit-win32'
Mono config path = 'D:/unity hub/Unity Hub/Unity 2021.3.4f1/Editor/Data/MonoBleedingEdge/etc'
Using monoOptions --debugger-agent=transport=dt_socket,embedding=1,server=y,suspend=n,address=127.0.0.1:56872
Begin MonoManager ReloadAssembly
Registering precompiled unity dll's ...
Register platform support module: D:/unity hub/Unity Hub/Unity 2021.3.4f1/Editor/Data/PlaybackEngines/AndroidPlayer/UnityEditor.Android.Extensions.dll
Register platform support module: D:/unity hub/Unity Hub/Unity 2021.3.4f1/Editor/Data/PlaybackEngines/WindowsStandaloneSupport/UnityEditor.WindowsStandalone.Extensions.dll
Registered in 0.002968 seconds.
Native extension for WindowsStandalone target not found
Native extension for Android target not found
Refreshing native plugins compatible for Editor in 108.59 ms, found 4 plugins.
Preloading 0 native plugins for Editor in 0.00 ms.
Mono: successfully reloaded assembly
- Completed reload, in  0.734 seconds
Domain Reload Profiling:
	ReloadAssembly (734ms)
		BeginReloadAssembly (106ms)
			ExecutionOrderSort (0ms)
			DisableScriptedObjects (0ms)
			BackupInstance (0ms)
			ReleaseScriptingObjects (0ms)
			CreateAndSetChildDomain (1ms)
		EndReloadAssembly (527ms)
			LoadAssemblies (107ms)
			RebuildTransferFunctionScriptingTraits (0ms)
			SetupTypeCache (112ms)
			ReleaseScriptCaches (0ms)
			RebuildScriptCaches (34ms)
			SetupLoadedEditorAssemblies (327ms)
				LogAssemblyErrors (0ms)
				InitializePlatformSupportModulesInManaged (42ms)
				SetLoadedEditorAssemblies (0ms)
				RefreshPlugins (109ms)
				BeforeProcessingInitializeOnLoad (1ms)
				ProcessInitializeOnLoadAttributes (123ms)
				ProcessInitializeOnLoadMethodAttributes (51ms)
				AfterProcessingInitializeOnLoad (0ms)
				EditorAssembliesLoaded (0ms)
			ExecutionOrderSort2 (0ms)
			AwakeInstancesAfterBackupRestoration (0ms)
Platform modules already initialized, skipping
Registering precompiled user dll's ...
Registered in 0.007701 seconds.
Begin MonoManager ReloadAssembly
Symbol file LoadedFromMemory doesn't match image D:\Unity\Programmas\Massive\Library\PackageCache\com.unity.visualscripting@1.7.8\Editor\VisualScripting.Core\Dependencies\YamlDotNet\Unity.VisualScripting.YamlDotNet.dll
Symbol file LoadedFromMemory doesn't match image D:\Unity\Programmas\Massive\Library\PackageCache\com.unity.visualscripting@1.7.8\Editor\VisualScripting.Core\Dependencies\DotNetZip\Unity.VisualScripting.IonicZip.dll
Native extension for WindowsStandalone target not found
Native extension for Android target not found
Refreshing native plugins compatible for Editor in 112.32 ms, found 4 plugins.
Preloading 0 native plugins for Editor in 0.00 ms.
Mono: successfully reloaded assembly
- Completed reload, in  1.406 seconds
Domain Reload Profiling:
	ReloadAssembly (1407ms)
		BeginReloadAssembly (136ms)
			ExecutionOrderSort (0ms)
			DisableScriptedObjects (7ms)
			BackupInstance (0ms)
			ReleaseScriptingObjects (0ms)
			CreateAndSetChildDomain (20ms)
		EndReloadAssembly (1144ms)
			LoadAssemblies (128ms)
			RebuildTransferFunctionScriptingTraits (0ms)
			SetupTypeCache (338ms)
			ReleaseScriptCaches (1ms)
			RebuildScriptCaches (68ms)
			SetupLoadedEditorAssemblies (578ms)
				LogAssemblyErrors (0ms)
				InitializePlatformSupportModulesInManaged (14ms)
				SetLoadedEditorAssemblies (0ms)
				RefreshPlugins (112ms)
				BeforeProcessingInitializeOnLoad (124ms)
				ProcessInitializeOnLoadAttributes (285ms)
				ProcessInitializeOnLoadMethodAttributes (39ms)
				AfterProcessingInitializeOnLoad (3ms)
				EditorAssembliesLoaded (0ms)
			ExecutionOrderSort2 (0ms)
			AwakeInstancesAfterBackupRestoration (6ms)
Platform modules already initialized, skipping
========================================================================
Worker process is ready to serve import requests
Launched and connected shader compiler UnityShaderCompiler.exe after 0.04 seconds
Refreshing native plugins compatible for Editor in 1.28 ms, found 4 plugins.
Preloading 0 native plugins for Editor in 0.00 ms.
Unloading 3969 Unused Serialized files (Serialized files now loaded: 0)
Unloading 37 unused Assets / (111.3 KB). Loaded Objects now: 4422.
Memory consumption went from 151.2 MB to 151.1 MB.
Total: 5.071400 ms (FindLiveObjects: 0.700300 ms CreateObjectMapping: 0.417100 ms MarkObjects: 3.826200 ms  DeleteObjects: 0.126100 ms)

AssetImportParameters requested are different than current active one (requested -> active):
  custom:video-decoder-ogg-theora: a1e56fd34408186e4bbccfd4996cb3dc -> 
  custom:container-muxer-webm: aa71ff27fc2769a1b78a27578f13a17b -> 
  custom:container-demuxer-webm: 4f35f7cbe854078d1ac9338744f61a02 -> 
  custom:video-encoder-webm-vp8: eb34c28f22e8b96e1ab97ce403110664 -> 
  custom:audio-encoder-webm-vorbis: bf7c407c2cedff20999df2af8eb42d56 -> 
  custom:framework-win-MediaFoundation: 216162199b28c13a410421893ffa2e32 -> 
  custom:container-demuxer-ogg: 62fdf1f143b41e24485cea50d1cbac27 -> 
  custom:video-decoder-webm-vp8: 9c59270c3fd7afecdb556c50c9e8de78 -> 
  custom:audio-decoder-ogg-vorbis: bf7c407c2cedff20999df2af8eb42d56 -> 
========================================================================
Received Import Request.
  Time since last request: 268804.079876 seconds.
  path: Assets/sprites/StoneUI/OrherUI_4-2K/button_rock_Play.png
  artifactKey: Guid(2e8e0326cef2ff14c968b6e7bdd381b5) Importer(815301076,1909f56bfc062723c751e8b465ee728b)
Start importing Assets/sprites/StoneUI/OrherUI_4-2K/button_rock_Play.png using Guid(2e8e0326cef2ff14c968b6e7bdd381b5) Importer(815301076,1909f56bfc062723c751e8b465ee728b)  -> (artifact id: '6176b3d4c210b6962f46efd402d8bf34') in 0.386777 seconds 
========================================================================
Received Import Request.
  Time since last request: 0.000034 seconds.
  path: Assets/sprites/StoneUI/OrherUI_4-2K/5.png
  artifactKey: Guid(ef4a8d855fd835e42b625eb8c707a861) Importer(815301076,1909f56bfc062723c751e8b465ee728b)
Start importing Assets/sprites/StoneUI/OrherUI_4-2K/5.png using Guid(ef4a8d855fd835e42b625eb8c707a861) Importer(815301076,1909f56bfc062723c751e8b465ee728b)  -> (artifact id: '7c07146f5c0048454c2535fa05b25d17') in 0.696985 seconds 
========================================================================
Received Import Request.
  Time since last request: 0.000025 seconds.
  path: Assets/sprites/StoneUI/OrherUI_4-2K/button_rock_Play2.png
  artifactKey: Guid(b1ce718462b6519458de1560182a40b5) Importer(815301076,1909f56bfc062723c751e8b465ee728b)
Start importing Assets/sprites/StoneUI/OrherUI_4-2K/button_rock_Play2.png using Guid(b1ce718462b6519458de1560182a40b5) Importer(815301076,1909f56bfc062723c751e8b465ee728b)  -> (artifact id: 'afba6b79b8596d7ba6d2e0c4459f00a3') in 0.249356 seconds 
========================================================================
Received Import Request.
  Time since last request: 0.000019 seconds.
  path: Assets/sprites/StoneUI/OrherUI_4-2K/slider.png
  artifactKey: Guid(fd0b7189c26761e4c833b6c9734d6cd4) Importer(815301076,1909f56bfc062723c751e8b465ee728b)
Start importing Assets/sprites/StoneUI/OrherUI_4-2K/slider.png using Guid(fd0b7189c26761e4c833b6c9734d6cd4) Importer(815301076,1909f56bfc062723c751e8b465ee728b)  -> (artifact id: 'c56a30ceed2e1cef49c8d9320772612c') in 0.162772 seconds 
========================================================================
Received Import Request.
  Time since last request: 0.000020 seconds.
  path: Assets/sprites/StoneUI/OrherUI_4-2K/3.png
  artifactKey: Guid(bf863c1f5968393428ffda61834c097c) Importer(815301076,1909f56bfc062723c751e8b465ee728b)
Start importing Assets/sprites/StoneUI/OrherUI_4-2K/3.png using Guid(bf863c1f5968393428ffda61834c097c) Importer(815301076,1909f56bfc062723c751e8b465ee728b)  -> (artifact id: '082a35242015527257d0b1dbf59af4e2') in 0.614892 seconds 
========================================================================
Received Import Request.
  Time since last request: 0.000024 seconds.
  path: Assets/sprites/StoneUI/OrherUI_4-2K/1.png
  artifactKey: Guid(7188e9d0ec465034995ea794e337b4bd) Importer(815301076,1909f56bfc062723c751e8b465ee728b)
Start importing Assets/sprites/StoneUI/OrherUI_4-2K/1.png using Guid(7188e9d0ec465034995ea794e337b4bd) Importer(815301076,1909f56bfc062723c751e8b465ee728b)  -> (artifact id: '5f22838f8540590437a169d13bcd6630') in 0.555875 seconds 
========================================================================
Received Import Request.
  Time since last request: 0.000021 seconds.
  path: Assets/sprites/StoneUI/OrherUI_4-2K/7.png
  artifactKey: Guid(b498b10e04b2d4d42b0c26e9eb535f19) Importer(815301076,1909f56bfc062723c751e8b465ee728b)
Start importing Assets/sprites/StoneUI/OrherUI_4-2K/7.png using Guid(b498b10e04b2d4d42b0c26e9eb535f19) Importer(815301076,1909f56bfc062723c751e8b465ee728b)  -> (artifact id: 'fa0b61acc8e44c35c887df3e54d086b1') in 0.461070 seconds 
